<?xml version="1.0" encoding="UTF-8"?>
<LoadUITestSteps>
  <item>
    <testCaseName>TestSuite 1:TestCase 1</testCaseName>
    <testStepsTPSDataSource>
      <item>
        <TestStep>REST Request</TestStep>
        <cnt>135</cnt>
        <min>4</min>
        <max>1082</max>
        <avg>45</avg>
        <failure>5</failure>
        <failure_ratio>3.0</failure_ratio>
        <percentile75>6.0</percentile75>
        <percentile90>9.0</percentile90>
        <percentile95>15.0</percentile95>
        <percentile98>1082.0</percentile98>
        <median>5.0</median>
        <last>5</last>
        <tps>4.0</tps>
      </item>
      <item>
        <TestStep>Test Case Level</TestStep>
        <cnt>135</cnt>
        <min>4</min>
        <max>1082</max>
        <avg>45</avg>
        <std-dev>181.40092237340332</std-dev>
        <minAvg>0.08888888888888889</minAvg>
        <maxAvg>24.044444444444444</maxAvg>
        <failure>5</failure>
        <failure_ratio>3.0</failure_ratio>
        <percentile75>6.0</percentile75>
        <percentile90>9.0</percentile90>
        <percentile95>15.0</percentile95>
        <percentile98>1082.0</percentile98>
        <median>5.0</median>
        <last>5</last>
        <tps>3.135524329346185</tps>
      </item>
    </testStepsTPSDataSource>
    <testStepsMetricsDataSource>
      <item>
        <TestStep>REST Request</TestStep>
        <cnt>135</cnt>
        <min>4</min>
        <max>1082</max>
        <avg>45</avg>
        <failure>5</failure>
        <failure_ratio>3.0</failure_ratio>
        <percentile75>6.0</percentile75>
        <percentile90>9.0</percentile90>
        <percentile95>15.0</percentile95>
        <percentile98>1082.0</percentile98>
        <median>5.0</median>
        <last>5</last>
        <tps>4.0</tps>
      </item>
      <item>
        <TestStep>Test Case Level</TestStep>
        <cnt>135</cnt>
        <min>4</min>
        <max>1082</max>
        <avg>45</avg>
        <std-dev>181.40092237340332</std-dev>
        <minAvg>0.08888888888888889</minAvg>
        <maxAvg>24.044444444444444</maxAvg>
        <failure>5</failure>
        <failure_ratio>3.0</failure_ratio>
        <percentile75>6.0</percentile75>
        <percentile90>9.0</percentile90>
        <percentile95>15.0</percentile95>
        <percentile98>1082.0</percentile98>
        <median>5.0</median>
        <last>5</last>
        <tps>3.135524329346185</tps>
      </item>
    </testStepsMetricsDataSource>
  </item>
  <item>
    <testCaseName>TestSuite 2:TestCase 1</testCaseName>
    <testStepsTPSDataSource>
      <item>
        <TestStep>REST Request</TestStep>
        <cnt>135</cnt>
        <min>4</min>
        <max>24</max>
        <avg>5</avg>
        <failure>0</failure>
        <failure_ratio>0.0</failure_ratio>
        <percentile75>6.0</percentile75>
        <percentile90>7.0</percentile90>
        <percentile95>9.0</percentile95>
        <percentile98>10.0</percentile98>
        <median>5.0</median>
        <last>6</last>
        <tps>4.0</tps>
      </item>
      <item>
        <TestStep>Test Case Level</TestStep>
        <cnt>135</cnt>
        <min>4</min>
        <max>24</max>
        <avg>5</avg>
        <std-dev>2.070829808866803</std-dev>
        <minAvg>0.8</minAvg>
        <maxAvg>4.8</maxAvg>
        <failure>0</failure>
        <failure_ratio>0.0</failure_ratio>
        <percentile75>6.0</percentile75>
        <percentile90>7.0</percentile90>
        <percentile95>9.0</percentile95>
        <percentile98>10.0</percentile98>
        <median>5.0</median>
        <last>6</last>
        <tps>4.4152276295133435</tps>
      </item>
    </testStepsTPSDataSource>
    <testStepsMetricsDataSource>
      <item>
        <TestStep>REST Request</TestStep>
        <cnt>135</cnt>
        <min>4</min>
        <max>24</max>
        <avg>5</avg>
        <failure>0</failure>
        <failure_ratio>0.0</failure_ratio>
        <percentile75>6.0</percentile75>
        <percentile90>7.0</percentile90>
        <percentile95>9.0</percentile95>
        <percentile98>10.0</percentile98>
        <median>5.0</median>
        <last>6</last>
        <tps>4.0</tps>
      </item>
      <item>
        <TestStep>Test Case Level</TestStep>
        <cnt>135</cnt>
        <min>4</min>
        <max>24</max>
        <avg>5</avg>
        <std-dev>2.070829808866803</std-dev>
        <minAvg>0.8</minAvg>
        <maxAvg>4.8</maxAvg>
        <failure>0</failure>
        <failure_ratio>0.0</failure_ratio>
        <percentile75>6.0</percentile75>
        <percentile90>7.0</percentile90>
        <percentile95>9.0</percentile95>
        <percentile98>10.0</percentile98>
        <median>5.0</median>
        <last>6</last>
        <tps>4.4152276295133435</tps>
      </item>
    </testStepsMetricsDataSource>
  </item>
</LoadUITestSteps>