<?xml version="1.0" encoding="UTF-8"?>
<testsuite name="tstsit" timestamp="2012-12-13T12:12:12" hostname="hoostt" tests="teest" failures="123" errors="123" skipped="123" time="123.45">
  <properties>
    <property name="prpr" value="str1234" />
  </properties>
  <testcase name="prpr" classname="clscls" time="123.45" />
  <system-out>str1234</system-out>
  <system-err>str1234</system-err>
</testsuite>
