<?xml version="1.0" encoding="UTF-8"?>
<LoadUIStatisticHistory>
  <item>
    <statisticName>TestCase 1:Average (ms)</statisticName>
    <subreportName>subreport:LoadUIStatisticTable4Columns</subreportName>
    <statisticMetricsDataSource>
      <item>
        <TimeSec.>1</TimeSec.>
        <RESTRequest>1082</RESTRequest>
        <Total/>
      </item>
      <item>
        <TimeSec.>3</TimeSec.>
        <RESTRequest>902</RESTRequest>
        <Total>902</Total>
      </item>
      <item>
        <TimeSec.>4</TimeSec.>
        <RESTRequest>497</RESTRequest>
        <Total>456</Total>
      </item>
      <item>
        <TimeSec.>5</TimeSec.>
        <RESTRequest>344</RESTRequest>
        <Total>324</Total>
      </item>
      <item>
        <TimeSec.>6</TimeSec.>
        <RESTRequest>263</RESTRequest>
        <Total>252</Total>
      </item>
      <item>
        <TimeSec.>7</TimeSec.>
        <RESTRequest>214</RESTRequest>
        <Total>214</Total>
      </item>
      <item>
        <TimeSec.>8</TimeSec.>
        <RESTRequest>175</RESTRequest>
        <Total>175</Total>
      </item>
      <item>
        <TimeSec.>9</TimeSec.>
        <RESTRequest>156</RESTRequest>
        <Total>152</Total>
      </item>
      <item>
        <TimeSec.>10</TimeSec.>
        <RESTRequest>137</RESTRequest>
        <Total>134</Total>
      </item>
      <item>
        <TimeSec.>11</TimeSec.>
        <RESTRequest>123</RESTRequest>
        <Total>123</Total>
      </item>
      <item>
        <TimeSec.>12</TimeSec.>
        <RESTRequest>111</RESTRequest>
        <Total>111</Total>
      </item>
      <item>
        <TimeSec.>13</TimeSec.>
        <RESTRequest>102</RESTRequest>
        <Total>102</Total>
      </item>
      <item>
        <TimeSec.>14</TimeSec.>
        <RESTRequest>94</RESTRequest>
        <Total>94</Total>
      </item>
      <item>
        <TimeSec.>15</TimeSec.>
        <RESTRequest>87</RESTRequest>
        <Total>87</Total>
      </item>
      <item>
        <TimeSec.>16</TimeSec.>
        <RESTRequest>81</RESTRequest>
        <Total>81</Total>
      </item>
      <item>
        <TimeSec.>18</TimeSec.>
        <RESTRequest>76</RESTRequest>
        <Total>76</Total>
      </item>
      <item>
        <TimeSec.>19</TimeSec.>
        <RESTRequest>72</RESTRequest>
        <Total>72</Total>
      </item>
      <item>
        <TimeSec.>20</TimeSec.>
        <RESTRequest>68</RESTRequest>
        <Total>68</Total>
      </item>
      <item>
        <TimeSec.>21</TimeSec.>
        <RESTRequest>65</RESTRequest>
        <Total>65</Total>
      </item>
      <item>
        <TimeSec.>22</TimeSec.>
        <RESTRequest>61</RESTRequest>
        <Total>61</Total>
      </item>
      <item>
        <TimeSec.>23</TimeSec.>
        <RESTRequest>59</RESTRequest>
        <Total>59</Total>
      </item>
      <item>
        <TimeSec.>24</TimeSec.>
        <RESTRequest>56</RESTRequest>
        <Total>56</Total>
      </item>
      <item>
        <TimeSec.>25</TimeSec.>
        <RESTRequest>54</RESTRequest>
        <Total>54</Total>
      </item>
      <item>
        <TimeSec.>26</TimeSec.>
        <RESTRequest>52</RESTRequest>
        <Total>52</Total>
      </item>
      <item>
        <TimeSec.>27</TimeSec.>
        <RESTRequest>50</RESTRequest>
        <Total>50</Total>
      </item>
      <item>
        <TimeSec.>28</TimeSec.>
        <RESTRequest>48</RESTRequest>
        <Total>47</Total>
      </item>
      <item>
        <TimeSec.>29</TimeSec.>
        <RESTRequest>46</RESTRequest>
        <Total>46</Total>
      </item>
      <item>
        <TimeSec.>30</TimeSec.>
        <RESTRequest>45</RESTRequest>
        <Total>45</Total>
      </item>
    </statisticMetricsDataSource>
  </item>
  <item>
    <statisticName>TestCase 1:TPS</statisticName>
    <subreportName>subreport:LoadUIStatisticTable4Columns</subreportName>
    <statisticMetricsDataSource>
      <item>
        <TimeSec.>1</TimeSec.>
        <RESTRequest>0</RESTRequest>
        <Total>0</Total>
      </item>
      <item>
        <TimeSec.>2</TimeSec.>
        <RESTRequest>5</RESTRequest>
        <Total>5</Total>
      </item>
      <item>
        <TimeSec.>3</TimeSec.>
        <RESTRequest>5</RESTRequest>
        <Total>5</Total>
      </item>
      <item>
        <TimeSec.>4</TimeSec.>
        <RESTRequest>5</RESTRequest>
        <Total>5</Total>
      </item>
      <item>
        <TimeSec.>5</TimeSec.>
        <RESTRequest>5</RESTRequest>
        <Total>5</Total>
      </item>
      <item>
        <TimeSec.>6</TimeSec.>
        <RESTRequest>5</RESTRequest>
        <Total>5</Total>
      </item>
      <item>
        <TimeSec.>7</TimeSec.>
        <RESTRequest>5</RESTRequest>
        <Total>5</Total>
      </item>
      <item>
        <TimeSec.>8</TimeSec.>
        <RESTRequest>5</RESTRequest>
        <Total>5</Total>
      </item>
      <item>
        <TimeSec.>9</TimeSec.>
        <RESTRequest>5</RESTRequest>
        <Total>5</Total>
      </item>
      <item>
        <TimeSec.>10</TimeSec.>
        <RESTRequest>5</RESTRequest>
        <Total>5</Total>
      </item>
      <item>
        <TimeSec.>11</TimeSec.>
        <RESTRequest>5</RESTRequest>
        <Total>5</Total>
      </item>
      <item>
        <TimeSec.>12</TimeSec.>
        <RESTRequest>5</RESTRequest>
        <Total>5</Total>
      </item>
      <item>
        <TimeSec.>13</TimeSec.>
        <RESTRequest>5</RESTRequest>
        <Total>5</Total>
      </item>
      <item>
        <TimeSec.>14</TimeSec.>
        <RESTRequest>1</RESTRequest>
        <Total>2</Total>
      </item>
      <item>
        <TimeSec.>15</TimeSec.>
        <RESTRequest>4</RESTRequest>
        <Total>4</Total>
      </item>
      <item>
        <TimeSec.>16</TimeSec.>
        <RESTRequest>5</RESTRequest>
        <Total>4</Total>
      </item>
      <item>
        <TimeSec.>17</TimeSec.>
        <RESTRequest>5</RESTRequest>
        <Total>5</Total>
      </item>
      <item>
        <TimeSec.>18</TimeSec.>
        <RESTRequest>5</RESTRequest>
        <Total>5</Total>
      </item>
      <item>
        <TimeSec.>19</TimeSec.>
        <RESTRequest>5</RESTRequest>
        <Total>5</Total>
      </item>
      <item>
        <TimeSec.>20</TimeSec.>
        <RESTRequest>5</RESTRequest>
        <Total>5</Total>
      </item>
      <item>
        <TimeSec.>21</TimeSec.>
        <RESTRequest>5</RESTRequest>
        <Total>5</Total>
      </item>
      <item>
        <TimeSec.>22</TimeSec.>
        <RESTRequest>5</RESTRequest>
        <Total>5</Total>
      </item>
      <item>
        <TimeSec.>23</TimeSec.>
        <RESTRequest>5</RESTRequest>
        <Total>5</Total>
      </item>
      <item>
        <TimeSec.>24</TimeSec.>
        <RESTRequest>5</RESTRequest>
        <Total>5</Total>
      </item>
      <item>
        <TimeSec.>25</TimeSec.>
        <RESTRequest>5</RESTRequest>
        <Total>5</Total>
      </item>
      <item>
        <TimeSec.>26</TimeSec.>
        <RESTRequest>5</RESTRequest>
        <Total>5</Total>
      </item>
      <item>
        <TimeSec.>27</TimeSec.>
        <RESTRequest>5</RESTRequest>
        <Total>5</Total>
      </item>
      <item>
        <TimeSec.>28</TimeSec.>
        <RESTRequest>5</RESTRequest>
        <Total>5</Total>
      </item>
      <item>
        <TimeSec.>29</TimeSec.>
        <RESTRequest>5</RESTRequest>
        <Total>5</Total>
      </item>
      <item>
        <TimeSec.>30</TimeSec.>
        <RESTRequest>0</RESTRequest>
        <Total>0</Total>
      </item>
    </statisticMetricsDataSource>
  </item>
  <item>
    <statisticName>TestCase 1:Errors</statisticName>
    <subreportName>subreport:LoadUIStatisticTable4Columns</subreportName>
    <statisticMetricsDataSource>
      <item>
        <TimeSec.>1</TimeSec.>
        <RESTRequest>0</RESTRequest>
        <Total>0</Total>
      </item>
      <item>
        <TimeSec.>2</TimeSec.>
        <RESTRequest>5</RESTRequest>
        <Total>5</Total>
      </item>
      <item>
        <TimeSec.>3</TimeSec.>
        <RESTRequest>5</RESTRequest>
        <Total>5</Total>
      </item>
      <item>
        <TimeSec.>4</TimeSec.>
        <RESTRequest>5</RESTRequest>
        <Total>5</Total>
      </item>
      <item>
        <TimeSec.>5</TimeSec.>
        <RESTRequest>5</RESTRequest>
        <Total>5</Total>
      </item>
      <item>
        <TimeSec.>6</TimeSec.>
        <RESTRequest>5</RESTRequest>
        <Total>5</Total>
      </item>
      <item>
        <TimeSec.>7</TimeSec.>
        <RESTRequest>5</RESTRequest>
        <Total>5</Total>
      </item>
      <item>
        <TimeSec.>8</TimeSec.>
        <RESTRequest>5</RESTRequest>
        <Total>5</Total>
      </item>
      <item>
        <TimeSec.>9</TimeSec.>
        <RESTRequest>5</RESTRequest>
        <Total>5</Total>
      </item>
      <item>
        <TimeSec.>10</TimeSec.>
        <RESTRequest>5</RESTRequest>
        <Total>5</Total>
      </item>
      <item>
        <TimeSec.>11</TimeSec.>
        <RESTRequest>5</RESTRequest>
        <Total>5</Total>
      </item>
      <item>
        <TimeSec.>12</TimeSec.>
        <RESTRequest>5</RESTRequest>
        <Total>5</Total>
      </item>
      <item>
        <TimeSec.>13</TimeSec.>
        <RESTRequest>5</RESTRequest>
        <Total>5</Total>
      </item>
      <item>
        <TimeSec.>14</TimeSec.>
        <RESTRequest>5</RESTRequest>
        <Total>5</Total>
      </item>
      <item>
        <TimeSec.>15</TimeSec.>
        <RESTRequest>5</RESTRequest>
        <Total>5</Total>
      </item>
      <item>
        <TimeSec.>16</TimeSec.>
        <RESTRequest>5</RESTRequest>
        <Total>5</Total>
      </item>
      <item>
        <TimeSec.>17</TimeSec.>
        <RESTRequest>5</RESTRequest>
        <Total>5</Total>
      </item>
      <item>
        <TimeSec.>18</TimeSec.>
        <RESTRequest>5</RESTRequest>
        <Total>5</Total>
      </item>
      <item>
        <TimeSec.>19</TimeSec.>
        <RESTRequest>5</RESTRequest>
        <Total>5</Total>
      </item>
      <item>
        <TimeSec.>20</TimeSec.>
        <RESTRequest>5</RESTRequest>
        <Total>5</Total>
      </item>
      <item>
        <TimeSec.>21</TimeSec.>
        <RESTRequest>5</RESTRequest>
        <Total>5</Total>
      </item>
      <item>
        <TimeSec.>22</TimeSec.>
        <RESTRequest>5</RESTRequest>
        <Total>5</Total>
      </item>
      <item>
        <TimeSec.>23</TimeSec.>
        <RESTRequest>5</RESTRequest>
        <Total>5</Total>
      </item>
      <item>
        <TimeSec.>24</TimeSec.>
        <RESTRequest>5</RESTRequest>
        <Total>5</Total>
      </item>
      <item>
        <TimeSec.>25</TimeSec.>
        <RESTRequest>5</RESTRequest>
        <Total>5</Total>
      </item>
      <item>
        <TimeSec.>26</TimeSec.>
        <RESTRequest>5</RESTRequest>
        <Total>5</Total>
      </item>
      <item>
        <TimeSec.>27</TimeSec.>
        <RESTRequest>5</RESTRequest>
        <Total>5</Total>
      </item>
      <item>
        <TimeSec.>28</TimeSec.>
        <RESTRequest>5</RESTRequest>
        <Total>5</Total>
      </item>
      <item>
        <TimeSec.>29</TimeSec.>
        <RESTRequest>5</RESTRequest>
        <Total>5</Total>
      </item>
      <item>
        <TimeSec.>30</TimeSec.>
        <RESTRequest>5</RESTRequest>
        <Total>5</Total>
      </item>
    </statisticMetricsDataSource>
  </item>
  <item>
    <statisticName>TestCase 1:Average (ms)</statisticName>
    <subreportName>subreport:LoadUIStatisticTable4Columns</subreportName>
    <statisticMetricsDataSource>
      <item>
        <TimeSec.>2</TimeSec.>
        <RESTRequest>6</RESTRequest>
        <Total>5</Total>
      </item>
      <item>
        <TimeSec.>3</TimeSec.>
        <RESTRequest>5</RESTRequest>
        <Total>5</Total>
      </item>
      <item>
        <TimeSec.>4</TimeSec.>
        <RESTRequest>6</RESTRequest>
        <Total>6</Total>
      </item>
      <item>
        <TimeSec.>5</TimeSec.>
        <RESTRequest>6</RESTRequest>
        <Total>6</Total>
      </item>
      <item>
        <TimeSec.>6</TimeSec.>
        <RESTRequest>5</RESTRequest>
        <Total>5</Total>
      </item>
      <item>
        <TimeSec.>7</TimeSec.>
        <RESTRequest>5</RESTRequest>
        <Total>5</Total>
      </item>
      <item>
        <TimeSec.>8</TimeSec.>
        <RESTRequest>5</RESTRequest>
        <Total>5</Total>
      </item>
      <item>
        <TimeSec.>9</TimeSec.>
        <RESTRequest>5</RESTRequest>
        <Total>5</Total>
      </item>
      <item>
        <TimeSec.>10</TimeSec.>
        <RESTRequest>5</RESTRequest>
        <Total>5</Total>
      </item>
      <item>
        <TimeSec.>11</TimeSec.>
        <RESTRequest>5</RESTRequest>
        <Total>5</Total>
      </item>
      <item>
        <TimeSec.>12</TimeSec.>
        <RESTRequest>5</RESTRequest>
        <Total>5</Total>
      </item>
      <item>
        <TimeSec.>13</TimeSec.>
        <RESTRequest>5</RESTRequest>
        <Total>5</Total>
      </item>
      <item>
        <TimeSec.>14</TimeSec.>
        <RESTRequest>5</RESTRequest>
        <Total>5</Total>
      </item>
      <item>
        <TimeSec.>15</TimeSec.>
        <RESTRequest>5</RESTRequest>
        <Total>5</Total>
      </item>
      <item>
        <TimeSec.>17</TimeSec.>
        <RESTRequest>5</RESTRequest>
        <Total>5</Total>
      </item>
      <item>
        <TimeSec.>18</TimeSec.>
        <RESTRequest>5</RESTRequest>
        <Total>5</Total>
      </item>
      <item>
        <TimeSec.>19</TimeSec.>
        <RESTRequest>5</RESTRequest>
        <Total>5</Total>
      </item>
      <item>
        <TimeSec.>20</TimeSec.>
        <RESTRequest>5</RESTRequest>
        <Total>5</Total>
      </item>
      <item>
        <TimeSec.>21</TimeSec.>
        <RESTRequest>5</RESTRequest>
        <Total>5</Total>
      </item>
      <item>
        <TimeSec.>22</TimeSec.>
        <RESTRequest>5</RESTRequest>
        <Total>5</Total>
      </item>
      <item>
        <TimeSec.>23</TimeSec.>
        <RESTRequest>5</RESTRequest>
        <Total>5</Total>
      </item>
      <item>
        <TimeSec.>24</TimeSec.>
        <RESTRequest>5</RESTRequest>
        <Total>5</Total>
      </item>
      <item>
        <TimeSec.>25</TimeSec.>
        <RESTRequest>5</RESTRequest>
        <Total>5</Total>
      </item>
      <item>
        <TimeSec.>26</TimeSec.>
        <RESTRequest>5</RESTRequest>
        <Total>5</Total>
      </item>
      <item>
        <TimeSec.>27</TimeSec.>
        <RESTRequest>5</RESTRequest>
        <Total>5</Total>
      </item>
      <item>
        <TimeSec.>28</TimeSec.>
        <RESTRequest>5</RESTRequest>
        <Total>5</Total>
      </item>
      <item>
        <TimeSec.>29</TimeSec.>
        <RESTRequest>5</RESTRequest>
        <Total>5</Total>
      </item>
      <item>
        <TimeSec.>30</TimeSec.>
        <RESTRequest>5</RESTRequest>
        <Total>5</Total>
      </item>
    </statisticMetricsDataSource>
  </item>
  <item>
    <statisticName>TestCase 1:TPS</statisticName>
    <subreportName>subreport:LoadUIStatisticTable4Columns</subreportName>
    <statisticMetricsDataSource>
      <item>
        <TimeSec.>2</TimeSec.>
        <RESTRequest>0</RESTRequest>
        <Total>0</Total>
      </item>
      <item>
        <TimeSec.>3</TimeSec.>
        <RESTRequest>5</RESTRequest>
        <Total>5</Total>
      </item>
      <item>
        <TimeSec.>4</TimeSec.>
        <RESTRequest>5</RESTRequest>
        <Total>5</Total>
      </item>
      <item>
        <TimeSec.>5</TimeSec.>
        <RESTRequest>5</RESTRequest>
        <Total>5</Total>
      </item>
      <item>
        <TimeSec.>6</TimeSec.>
        <RESTRequest>5</RESTRequest>
        <Total>5</Total>
      </item>
      <item>
        <TimeSec.>7</TimeSec.>
        <RESTRequest>5</RESTRequest>
        <Total>5</Total>
      </item>
      <item>
        <TimeSec.>8</TimeSec.>
        <RESTRequest>5</RESTRequest>
        <Total>5</Total>
      </item>
      <item>
        <TimeSec.>9</TimeSec.>
        <RESTRequest>5</RESTRequest>
        <Total>5</Total>
      </item>
      <item>
        <TimeSec.>10</TimeSec.>
        <RESTRequest>5</RESTRequest>
        <Total>5</Total>
      </item>
      <item>
        <TimeSec.>11</TimeSec.>
        <RESTRequest>5</RESTRequest>
        <Total>5</Total>
      </item>
      <item>
        <TimeSec.>12</TimeSec.>
        <RESTRequest>5</RESTRequest>
        <Total>5</Total>
      </item>
      <item>
        <TimeSec.>13</TimeSec.>
        <RESTRequest>5</RESTRequest>
        <Total>5</Total>
      </item>
      <item>
        <TimeSec.>14</TimeSec.>
        <RESTRequest>5</RESTRequest>
        <Total>5</Total>
      </item>
      <item>
        <TimeSec.>15</TimeSec.>
        <RESTRequest>2</RESTRequest>
        <Total>5</Total>
      </item>
      <item>
        <TimeSec.>16</TimeSec.>
        <RESTRequest>5</RESTRequest>
        <Total>2</Total>
      </item>
      <item>
        <TimeSec.>17</TimeSec.>
        <RESTRequest>4</RESTRequest>
        <Total>5</Total>
      </item>
      <item>
        <TimeSec.>18</TimeSec.>
        <RESTRequest>4</RESTRequest>
        <Total>4</Total>
      </item>
      <item>
        <TimeSec.>19</TimeSec.>
        <RESTRequest>5</RESTRequest>
        <Total>4</Total>
      </item>
      <item>
        <TimeSec.>20</TimeSec.>
        <RESTRequest>5</RESTRequest>
        <Total>5</Total>
      </item>
      <item>
        <TimeSec.>21</TimeSec.>
        <RESTRequest>5</RESTRequest>
        <Total>5</Total>
      </item>
      <item>
        <TimeSec.>22</TimeSec.>
        <RESTRequest>5</RESTRequest>
        <Total>5</Total>
      </item>
      <item>
        <TimeSec.>23</TimeSec.>
        <RESTRequest>5</RESTRequest>
        <Total>5</Total>
      </item>
      <item>
        <TimeSec.>24</TimeSec.>
        <RESTRequest>5</RESTRequest>
        <Total>5</Total>
      </item>
      <item>
        <TimeSec.>25</TimeSec.>
        <RESTRequest>5</RESTRequest>
        <Total>5</Total>
      </item>
      <item>
        <TimeSec.>26</TimeSec.>
        <RESTRequest>5</RESTRequest>
        <Total>5</Total>
      </item>
      <item>
        <TimeSec.>27</TimeSec.>
        <RESTRequest>5</RESTRequest>
        <Total>5</Total>
      </item>
      <item>
        <TimeSec.>28</TimeSec.>
        <RESTRequest>5</RESTRequest>
        <Total>5</Total>
      </item>
      <item>
        <TimeSec.>29</TimeSec.>
        <RESTRequest>5</RESTRequest>
        <Total>5</Total>
      </item>
      <item>
        <TimeSec.>30</TimeSec.>
        <RESTRequest>0</RESTRequest>
        <Total>0</Total>
      </item>
    </statisticMetricsDataSource>
  </item>
  <item>
    <statisticName>TestCase 1:Errors</statisticName>
    <subreportName>subreport:LoadUIStatisticTable4Columns</subreportName>
    <statisticMetricsDataSource>
      <item>
        <TimeSec.>2</TimeSec.>
        <RESTRequest>0</RESTRequest>
        <Total>0</Total>
      </item>
      <item>
        <TimeSec.>3</TimeSec.>
        <RESTRequest>0</RESTRequest>
        <Total>0</Total>
      </item>
      <item>
        <TimeSec.>4</TimeSec.>
        <RESTRequest>0</RESTRequest>
        <Total>0</Total>
      </item>
      <item>
        <TimeSec.>5</TimeSec.>
        <RESTRequest>0</RESTRequest>
        <Total>0</Total>
      </item>
      <item>
        <TimeSec.>6</TimeSec.>
        <RESTRequest>0</RESTRequest>
        <Total>0</Total>
      </item>
      <item>
        <TimeSec.>7</TimeSec.>
        <RESTRequest>0</RESTRequest>
        <Total>0</Total>
      </item>
      <item>
        <TimeSec.>8</TimeSec.>
        <RESTRequest>0</RESTRequest>
        <Total>0</Total>
      </item>
      <item>
        <TimeSec.>9</TimeSec.>
        <RESTRequest>0</RESTRequest>
        <Total>0</Total>
      </item>
      <item>
        <TimeSec.>10</TimeSec.>
        <RESTRequest>0</RESTRequest>
        <Total>0</Total>
      </item>
      <item>
        <TimeSec.>11</TimeSec.>
        <RESTRequest>0</RESTRequest>
        <Total>0</Total>
      </item>
      <item>
        <TimeSec.>12</TimeSec.>
        <RESTRequest>0</RESTRequest>
        <Total>0</Total>
      </item>
      <item>
        <TimeSec.>13</TimeSec.>
        <RESTRequest>0</RESTRequest>
        <Total>0</Total>
      </item>
      <item>
        <TimeSec.>14</TimeSec.>
        <RESTRequest>0</RESTRequest>
        <Total>0</Total>
      </item>
      <item>
        <TimeSec.>15</TimeSec.>
        <RESTRequest>0</RESTRequest>
        <Total>0</Total>
      </item>
      <item>
        <TimeSec.>16</TimeSec.>
        <RESTRequest>0</RESTRequest>
        <Total>0</Total>
      </item>
      <item>
        <TimeSec.>17</TimeSec.>
        <RESTRequest>0</RESTRequest>
        <Total>0</Total>
      </item>
      <item>
        <TimeSec.>18</TimeSec.>
        <RESTRequest>0</RESTRequest>
        <Total>0</Total>
      </item>
      <item>
        <TimeSec.>19</TimeSec.>
        <RESTRequest>0</RESTRequest>
        <Total>0</Total>
      </item>
      <item>
        <TimeSec.>20</TimeSec.>
        <RESTRequest>0</RESTRequest>
        <Total>0</Total>
      </item>
      <item>
        <TimeSec.>21</TimeSec.>
        <RESTRequest>0</RESTRequest>
        <Total>0</Total>
      </item>
      <item>
        <TimeSec.>22</TimeSec.>
        <RESTRequest>0</RESTRequest>
        <Total>0</Total>
      </item>
      <item>
        <TimeSec.>23</TimeSec.>
        <RESTRequest>0</RESTRequest>
        <Total>0</Total>
      </item>
      <item>
        <TimeSec.>24</TimeSec.>
        <RESTRequest>0</RESTRequest>
        <Total>0</Total>
      </item>
      <item>
        <TimeSec.>25</TimeSec.>
        <RESTRequest>0</RESTRequest>
        <Total>0</Total>
      </item>
      <item>
        <TimeSec.>26</TimeSec.>
        <RESTRequest>0</RESTRequest>
        <Total>0</Total>
      </item>
      <item>
        <TimeSec.>27</TimeSec.>
        <RESTRequest>0</RESTRequest>
        <Total>0</Total>
      </item>
      <item>
        <TimeSec.>28</TimeSec.>
        <RESTRequest>0</RESTRequest>
        <Total>0</Total>
      </item>
      <item>
        <TimeSec.>29</TimeSec.>
        <RESTRequest>0</RESTRequest>
        <Total>0</Total>
      </item>
      <item>
        <TimeSec.>30</TimeSec.>
        <RESTRequest>0</RESTRequest>
        <Total>0</Total>
      </item>
    </statisticMetricsDataSource>
  </item>
</LoadUIStatisticHistory>