<?xml version="1.0" encoding="UTF-8"?>
<LoadUIBottomTestSteps>
  <executionNotable>
    <timeTaken>1082</timeTaken>
    <size>1</size>
    <startTime>16:40:31</startTime>
    <testCaseName>TestSuite 1:TestCase 1->REST Request</testCaseName>
  </executionNotable>
  <executionNotable>
    <timeTaken>1082</timeTaken>
    <size>1</size>
    <startTime>16:40:31</startTime>
    <testCaseName>TestSuite 1:TestCase 1->REST Request</testCaseName>
  </executionNotable>
  <executionNotable>
    <timeTaken>1082</timeTaken>
    <size>1</size>
    <startTime>16:40:31</startTime>
    <testCaseName>TestSuite 1:TestCase 1->REST Request</testCaseName>
  </executionNotable>
  <executionNotable>
    <timeTaken>1082</timeTaken>
    <size>1</size>
    <startTime>16:40:31</startTime>
    <testCaseName>TestSuite 1:TestCase 1->REST Request</testCaseName>
  </executionNotable>
  <executionNotable>
    <timeTaken>1082</timeTaken>
    <size>1</size>
    <startTime>16:40:31</startTime>
    <testCaseName>TestSuite 1:TestCase 1->REST Request</testCaseName>
  </executionNotable>
</LoadUIBottomTestSteps>