<?xml version="1.0" encoding="UTF-8"?>
<errors>
  <error>
    <testSuiteName>Geocode</testSuiteName>
    <icon>rest_request_step.png</icon>
    <detail>Status: FAIL
Time Taken: 0
Size: 0
Timestamp: Thu Nov 19 17:08:04 MSK 2020
TestStep: Geocode search

----------------- Messages ------------------------------
org.apache.http.conn.HttpHostConnectException: Connect to localhost:8089 [localhost/127.0.0.1, localhost/0:0:0:0:0:0:0:1] failed: Connection refused: connect

- missing response / garbage collected -</detail>
    <testCaseName>Capital cities</testCaseName>
    <testStepName>Geocode search</testStepName>
  </error>
</errors>