<?xml version="1.0" encoding="UTF-8"?>
<testsuite>
  <system-out>str1234</system-out>
  <system-err>str1234</system-err>
</testsuite>
