<?xml version="1.0" encoding="utf-8"?> <testsuites xmlns:xsi="http://www.w3.org/2001/XMLSchema-instance" xmlns:xsd="http://www.w3.org/2001/XMLSchema"> <testsuite name="Testsuite1" tests="2" failures="2" errors="0" time="0" timestamp="2018-07-06T14:27:44.3258474+02:00" id="0"> <testcase name="Case1" time="0"> <failure>Fail1</failure> </testcase> <testcase name="Case2" time="0"> <failure>Fail2</failure> </testcase> </testsuite> <testsuite name="Testsuite2" tests="2" failures="2" errors="0" time="0" timestamp="2018-07-06T14:27:44.3258474+02:00" id="1"> <testcase name="Case1" time="0"> <failure>Fail1</failure> </testcase> <testcase name="Case2" time="0"> <failure>Fail2</failure> </testcase> </testsuite> </testsuites>