<?xml version="1.0" encoding="UTF-8"?>
<LoadUIBottomTestCases>
  <executionNotable>
    <timeTaken>1082</timeTaken>
    <size>1</size>
    <startTime>16:40:29</startTime>
    <testCaseName>TestSuite 1:TestCase 1</testCaseName>
  </executionNotable>
  <executionNotable>
    <timeTaken>1082</timeTaken>
    <size>1</size>
    <startTime>16:40:29</startTime>
    <testCaseName>TestSuite 1:TestCase 1</testCaseName>
  </executionNotable>
  <executionNotable>
    <timeTaken>1082</timeTaken>
    <size>1</size>
    <startTime>16:40:29</startTime>
    <testCaseName>TestSuite 1:TestCase 1</testCaseName>
  </executionNotable>
  <executionNotable>
    <timeTaken>1082</timeTaken>
    <size>1</size>
    <startTime>16:40:29</startTime>
    <testCaseName>TestSuite 1:TestCase 1</testCaseName>
  </executionNotable>
  <executionNotable>
    <timeTaken>1082</timeTaken>
    <size>1</size>
    <startTime>16:40:29</startTime>
    <testCaseName>TestSuite 1:TestCase 1</testCaseName>
  </executionNotable>
</LoadUIBottomTestCases>