<?xml version="1.0" encoding="UTF-8"?>
<LoadUIScenariosSummary>
  <result>
    <executionTime>00:00:30</executionTime>
    <queuedRequestCount>270</queuedRequestCount>
    <assertionsCount>0</assertionsCount>
    <testCaseName>New Scenario</testCaseName>
    <failedAssertionsCount>0</failedAssertionsCount>
  </result>
</LoadUIScenariosSummary>