<?xml version="1.0" encoding="UTF-8"?>
<LoadUITestResults>
  <metric>
    <icon>delete.png</icon>
    <name>Test run result</name>
    <category>Test results</category>
    <value>FAIL</value>
    <valueIcon/>
  </metric>
  <metric>
    <icon>dot.gif</icon>
    <name>Duration</name>
    <category>Test results</category>
    <value>00:00:30</value>
    <valueIcon/>
  </metric>
  <metric>
    <icon>dot.gif</icon>
    <name>Start time</name>
    <category>Test results</category>
    <value>16:40:29</value>
    <valueIcon/>
  </metric>
  <metric>
    <icon>dot.gif</icon>
    <name>End time</name>
    <category>Test results</category>
    <value>16:40:59</value>
    <valueIcon/>
  </metric>
  <metric>
    <icon>dot.gif</icon>
    <name>Maximum simultaneous virtual users</name>
    <category>Test results</category>
    <value>5</value>
    <valueIcon/>
  </metric>
</LoadUITestResults>