<?xml version="1.0" encoding="UTF-8"?>
<LoadUITestStepsHistory>
  <item>
    <testStepName>TestCase 1:REST Request</testStepName>
    <testStepsMetricsDataSource>
      <item>
        <TimeSec.>1</TimeSec.>
        <MinMs>1082</MinMs>
        <MaxMs>1082</MaxMs>
        <MedianMs>1082</MedianMs>
        <LastMs>1082</LastMs>
        <Count>0</Count>
        <TPS>0</TPS>
        <Err>0</Err>
      </item>
      <item>
        <TimeSec.>2</TimeSec.>
        <MinMs/>
        <MaxMs/>
        <MedianMs/>
        <LastMs/>
        <Count>5</Count>
        <TPS>5</TPS>
        <Err>5</Err>
      </item>
      <item>
        <TimeSec.>3</TimeSec.>
        <MinMs>5</MinMs>
        <MaxMs>1082</MaxMs>
        <MedianMs>902</MedianMs>
        <LastMs>5</LastMs>
        <Count>10</Count>
        <TPS>5</TPS>
        <Err>5</Err>
      </item>
      <item>
        <TimeSec.>4</TimeSec.>
        <MinMs>5</MinMs>
        <MaxMs>1082</MaxMs>
        <MedianMs>497</MedianMs>
        <LastMs>6</LastMs>
        <Count>15</Count>
        <TPS>5</TPS>
        <Err>5</Err>
      </item>
      <item>
        <TimeSec.>5</TimeSec.>
        <MinMs>5</MinMs>
        <MaxMs>1082</MaxMs>
        <MedianMs>344</MedianMs>
        <LastMs>6</LastMs>
        <Count>20</Count>
        <TPS>5</TPS>
        <Err>5</Err>
      </item>
      <item>
        <TimeSec.>6</TimeSec.>
        <MinMs>5</MinMs>
        <MaxMs>1082</MaxMs>
        <MedianMs>263</MedianMs>
        <LastMs>5</LastMs>
        <Count>25</Count>
        <TPS>5</TPS>
        <Err>5</Err>
      </item>
      <item>
        <TimeSec.>7</TimeSec.>
        <MinMs>5</MinMs>
        <MaxMs>1082</MaxMs>
        <MedianMs>214</MedianMs>
        <LastMs>6</LastMs>
        <Count>30</Count>
        <TPS>5</TPS>
        <Err>5</Err>
      </item>
      <item>
        <TimeSec.>8</TimeSec.>
        <MinMs>4</MinMs>
        <MaxMs>1082</MaxMs>
        <MedianMs>175</MedianMs>
        <LastMs>6</LastMs>
        <Count>35</Count>
        <TPS>5</TPS>
        <Err>5</Err>
      </item>
      <item>
        <TimeSec.>9</TimeSec.>
        <MinMs>4</MinMs>
        <MaxMs>1082</MaxMs>
        <MedianMs>156</MedianMs>
        <LastMs>5</LastMs>
        <Count>40</Count>
        <TPS>5</TPS>
        <Err>5</Err>
      </item>
      <item>
        <TimeSec.>10</TimeSec.>
        <MinMs>4</MinMs>
        <MaxMs>1082</MaxMs>
        <MedianMs>137</MedianMs>
        <LastMs>6</LastMs>
        <Count>45</Count>
        <TPS>5</TPS>
        <Err>5</Err>
      </item>
      <item>
        <TimeSec.>11</TimeSec.>
        <MinMs>4</MinMs>
        <MaxMs>1082</MaxMs>
        <MedianMs>123</MedianMs>
        <LastMs>5</LastMs>
        <Count>50</Count>
        <TPS>5</TPS>
        <Err>5</Err>
      </item>
      <item>
        <TimeSec.>12</TimeSec.>
        <MinMs>4</MinMs>
        <MaxMs>1082</MaxMs>
        <MedianMs>111</MedianMs>
        <LastMs>5</LastMs>
        <Count>55</Count>
        <TPS>5</TPS>
        <Err>5</Err>
      </item>
      <item>
        <TimeSec.>13</TimeSec.>
        <MinMs>4</MinMs>
        <MaxMs>1082</MaxMs>
        <MedianMs>102</MedianMs>
        <LastMs>6</LastMs>
        <Count>60</Count>
        <TPS>5</TPS>
        <Err>5</Err>
      </item>
      <item>
        <TimeSec.>14</TimeSec.>
        <MinMs>4</MinMs>
        <MaxMs>1082</MaxMs>
        <MedianMs>94</MedianMs>
        <LastMs>5</LastMs>
        <Count>61</Count>
        <TPS>1</TPS>
        <Err>5</Err>
      </item>
      <item>
        <TimeSec.>15</TimeSec.>
        <MinMs>4</MinMs>
        <MaxMs>1082</MaxMs>
        <MedianMs>87</MedianMs>
        <LastMs>6</LastMs>
        <Count>65</Count>
        <TPS>4</TPS>
        <Err>5</Err>
      </item>
      <item>
        <TimeSec.>16</TimeSec.>
        <MinMs>4</MinMs>
        <MaxMs>1082</MaxMs>
        <MedianMs>81</MedianMs>
        <LastMs>5</LastMs>
        <Count>70</Count>
        <TPS>5</TPS>
        <Err>5</Err>
      </item>
      <item>
        <TimeSec.>17</TimeSec.>
        <MinMs/>
        <MaxMs/>
        <MedianMs/>
        <LastMs/>
        <Count>75</Count>
        <TPS>5</TPS>
        <Err>5</Err>
      </item>
      <item>
        <TimeSec.>18</TimeSec.>
        <MinMs>4</MinMs>
        <MaxMs>1082</MaxMs>
        <MedianMs>76</MedianMs>
        <LastMs>5</LastMs>
        <Count>80</Count>
        <TPS>5</TPS>
        <Err>5</Err>
      </item>
      <item>
        <TimeSec.>19</TimeSec.>
        <MinMs>4</MinMs>
        <MaxMs>1082</MaxMs>
        <MedianMs>72</MedianMs>
        <LastMs>6</LastMs>
        <Count>85</Count>
        <TPS>5</TPS>
        <Err>5</Err>
      </item>
      <item>
        <TimeSec.>20</TimeSec.>
        <MinMs>4</MinMs>
        <MaxMs>1082</MaxMs>
        <MedianMs>68</MedianMs>
        <LastMs>5</LastMs>
        <Count>90</Count>
        <TPS>5</TPS>
        <Err>5</Err>
      </item>
      <item>
        <TimeSec.>21</TimeSec.>
        <MinMs>4</MinMs>
        <MaxMs>1082</MaxMs>
        <MedianMs>65</MedianMs>
        <LastMs>4</LastMs>
        <Count>95</Count>
        <TPS>5</TPS>
        <Err>5</Err>
      </item>
      <item>
        <TimeSec.>22</TimeSec.>
        <MinMs>4</MinMs>
        <MaxMs>1082</MaxMs>
        <MedianMs>61</MedianMs>
        <LastMs>5</LastMs>
        <Count>100</Count>
        <TPS>5</TPS>
        <Err>5</Err>
      </item>
      <item>
        <TimeSec.>23</TimeSec.>
        <MinMs>4</MinMs>
        <MaxMs>1082</MaxMs>
        <MedianMs>59</MedianMs>
        <LastMs>4</LastMs>
        <Count>105</Count>
        <TPS>5</TPS>
        <Err>5</Err>
      </item>
      <item>
        <TimeSec.>24</TimeSec.>
        <MinMs>4</MinMs>
        <MaxMs>1082</MaxMs>
        <MedianMs>56</MedianMs>
        <LastMs>5</LastMs>
        <Count>110</Count>
        <TPS>5</TPS>
        <Err>5</Err>
      </item>
      <item>
        <TimeSec.>25</TimeSec.>
        <MinMs>4</MinMs>
        <MaxMs>1082</MaxMs>
        <MedianMs>54</MedianMs>
        <LastMs>6</LastMs>
        <Count>115</Count>
        <TPS>5</TPS>
        <Err>5</Err>
      </item>
      <item>
        <TimeSec.>26</TimeSec.>
        <MinMs>4</MinMs>
        <MaxMs>1082</MaxMs>
        <MedianMs>52</MedianMs>
        <LastMs>5</LastMs>
        <Count>120</Count>
        <TPS>5</TPS>
        <Err>5</Err>
      </item>
      <item>
        <TimeSec.>27</TimeSec.>
        <MinMs>4</MinMs>
        <MaxMs>1082</MaxMs>
        <MedianMs>50</MedianMs>
        <LastMs>5</LastMs>
        <Count>125</Count>
        <TPS>5</TPS>
        <Err>5</Err>
      </item>
      <item>
        <TimeSec.>28</TimeSec.>
        <MinMs>4</MinMs>
        <MaxMs>1082</MaxMs>
        <MedianMs>48</MedianMs>
        <LastMs>5</LastMs>
        <Count>130</Count>
        <TPS>5</TPS>
        <Err>5</Err>
      </item>
      <item>
        <TimeSec.>29</TimeSec.>
        <MinMs>4</MinMs>
        <MaxMs>1082</MaxMs>
        <MedianMs>46</MedianMs>
        <LastMs>5</LastMs>
        <Count>135</Count>
        <TPS>5</TPS>
        <Err>5</Err>
      </item>
      <item>
        <TimeSec.>30</TimeSec.>
        <MinMs>4</MinMs>
        <MaxMs>1082</MaxMs>
        <MedianMs>45</MedianMs>
        <LastMs>5</LastMs>
        <Count>135</Count>
        <TPS>0</TPS>
        <Err>5</Err>
      </item>
    </testStepsMetricsDataSource>
  </item>
  <item>
    <testStepName>TestCase 1:Total</testStepName>
    <testStepsMetricsDataSource>
      <item>
        <TimeSec.>1</TimeSec.>
        <MinMs>1082</MinMs>
        <MaxMs>1082</MaxMs>
        <MedianMs/>
        <LastMs>1082</LastMs>
        <Count>0</Count>
        <TPS>0</TPS>
        <Err>0</Err>
      </item>
      <item>
        <TimeSec.>2</TimeSec.>
        <MinMs/>
        <MaxMs/>
        <MedianMs>1082</MedianMs>
        <LastMs/>
        <Count>5</Count>
        <TPS>5</TPS>
        <Err>5</Err>
      </item>
      <item>
        <TimeSec.>3</TimeSec.>
        <MinMs>5</MinMs>
        <MaxMs>1082</MaxMs>
        <MedianMs>902</MedianMs>
        <LastMs>1082</LastMs>
        <Count>10</Count>
        <TPS>5</TPS>
        <Err>5</Err>
      </item>
      <item>
        <TimeSec.>4</TimeSec.>
        <MinMs>5</MinMs>
        <MaxMs>1082</MaxMs>
        <MedianMs>456</MedianMs>
        <LastMs>6</LastMs>
        <Count>15</Count>
        <TPS>5</TPS>
        <Err>5</Err>
      </item>
      <item>
        <TimeSec.>5</TimeSec.>
        <MinMs>5</MinMs>
        <MaxMs>1082</MaxMs>
        <MedianMs>324</MedianMs>
        <LastMs>11</LastMs>
        <Count>20</Count>
        <TPS>5</TPS>
        <Err>5</Err>
      </item>
      <item>
        <TimeSec.>6</TimeSec.>
        <MinMs>5</MinMs>
        <MaxMs>1082</MaxMs>
        <MedianMs>252</MedianMs>
        <LastMs>5</LastMs>
        <Count>25</Count>
        <TPS>5</TPS>
        <Err>5</Err>
      </item>
      <item>
        <TimeSec.>7</TimeSec.>
        <MinMs>5</MinMs>
        <MaxMs>1082</MaxMs>
        <MedianMs>214</MedianMs>
        <LastMs>5</LastMs>
        <Count>30</Count>
        <TPS>5</TPS>
        <Err>5</Err>
      </item>
      <item>
        <TimeSec.>8</TimeSec.>
        <MinMs>4</MinMs>
        <MaxMs>1082</MaxMs>
        <MedianMs>175</MedianMs>
        <LastMs>5</LastMs>
        <Count>35</Count>
        <TPS>5</TPS>
        <Err>5</Err>
      </item>
      <item>
        <TimeSec.>9</TimeSec.>
        <MinMs>4</MinMs>
        <MaxMs>1082</MaxMs>
        <MedianMs>152</MedianMs>
        <LastMs>6</LastMs>
        <Count>40</Count>
        <TPS>5</TPS>
        <Err>5</Err>
      </item>
      <item>
        <TimeSec.>10</TimeSec.>
        <MinMs>4</MinMs>
        <MaxMs>1082</MaxMs>
        <MedianMs>134</MedianMs>
        <LastMs>6</LastMs>
        <Count>45</Count>
        <TPS>5</TPS>
        <Err>5</Err>
      </item>
      <item>
        <TimeSec.>11</TimeSec.>
        <MinMs>4</MinMs>
        <MaxMs>1082</MaxMs>
        <MedianMs>123</MedianMs>
        <LastMs>4</LastMs>
        <Count>50</Count>
        <TPS>5</TPS>
        <Err>5</Err>
      </item>
      <item>
        <TimeSec.>12</TimeSec.>
        <MinMs>4</MinMs>
        <MaxMs>1082</MaxMs>
        <MedianMs>111</MedianMs>
        <LastMs>6</LastMs>
        <Count>55</Count>
        <TPS>5</TPS>
        <Err>5</Err>
      </item>
      <item>
        <TimeSec.>13</TimeSec.>
        <MinMs>4</MinMs>
        <MaxMs>1082</MaxMs>
        <MedianMs>102</MedianMs>
        <LastMs>6</LastMs>
        <Count>60</Count>
        <TPS>5</TPS>
        <Err>5</Err>
      </item>
      <item>
        <TimeSec.>14</TimeSec.>
        <MinMs>4</MinMs>
        <MaxMs>1082</MaxMs>
        <MedianMs>94</MedianMs>
        <LastMs>7</LastMs>
        <Count>62</Count>
        <TPS>2</TPS>
        <Err>5</Err>
      </item>
      <item>
        <TimeSec.>15</TimeSec.>
        <MinMs>4</MinMs>
        <MaxMs>1082</MaxMs>
        <MedianMs>87</MedianMs>
        <LastMs>7</LastMs>
        <Count>66</Count>
        <TPS>4</TPS>
        <Err>5</Err>
      </item>
      <item>
        <TimeSec.>16</TimeSec.>
        <MinMs>4</MinMs>
        <MaxMs>1082</MaxMs>
        <MedianMs>81</MedianMs>
        <LastMs>7</LastMs>
        <Count>70</Count>
        <TPS>4</TPS>
        <Err>5</Err>
      </item>
      <item>
        <TimeSec.>17</TimeSec.>
        <MinMs/>
        <MaxMs/>
        <MedianMs/>
        <LastMs/>
        <Count>75</Count>
        <TPS>5</TPS>
        <Err>5</Err>
      </item>
      <item>
        <TimeSec.>18</TimeSec.>
        <MinMs>4</MinMs>
        <MaxMs>1082</MaxMs>
        <MedianMs>76</MedianMs>
        <LastMs>5</LastMs>
        <Count>80</Count>
        <TPS>5</TPS>
        <Err>5</Err>
      </item>
      <item>
        <TimeSec.>19</TimeSec.>
        <MinMs>4</MinMs>
        <MaxMs>1082</MaxMs>
        <MedianMs>72</MedianMs>
        <LastMs>4</LastMs>
        <Count>85</Count>
        <TPS>5</TPS>
        <Err>5</Err>
      </item>
      <item>
        <TimeSec.>20</TimeSec.>
        <MinMs>4</MinMs>
        <MaxMs>1082</MaxMs>
        <MedianMs>68</MedianMs>
        <LastMs>5</LastMs>
        <Count>90</Count>
        <TPS>5</TPS>
        <Err>5</Err>
      </item>
      <item>
        <TimeSec.>21</TimeSec.>
        <MinMs>4</MinMs>
        <MaxMs>1082</MaxMs>
        <MedianMs>65</MedianMs>
        <LastMs>4</LastMs>
        <Count>95</Count>
        <TPS>5</TPS>
        <Err>5</Err>
      </item>
      <item>
        <TimeSec.>22</TimeSec.>
        <MinMs>4</MinMs>
        <MaxMs>1082</MaxMs>
        <MedianMs>61</MedianMs>
        <LastMs>4</LastMs>
        <Count>100</Count>
        <TPS>5</TPS>
        <Err>5</Err>
      </item>
      <item>
        <TimeSec.>23</TimeSec.>
        <MinMs>4</MinMs>
        <MaxMs>1082</MaxMs>
        <MedianMs>59</MedianMs>
        <LastMs>4</LastMs>
        <Count>105</Count>
        <TPS>5</TPS>
        <Err>5</Err>
      </item>
      <item>
        <TimeSec.>24</TimeSec.>
        <MinMs>4</MinMs>
        <MaxMs>1082</MaxMs>
        <MedianMs>56</MedianMs>
        <LastMs>4</LastMs>
        <Count>110</Count>
        <TPS>5</TPS>
        <Err>5</Err>
      </item>
      <item>
        <TimeSec.>25</TimeSec.>
        <MinMs>4</MinMs>
        <MaxMs>1082</MaxMs>
        <MedianMs>54</MedianMs>
        <LastMs>4</LastMs>
        <Count>115</Count>
        <TPS>5</TPS>
        <Err>5</Err>
      </item>
      <item>
        <TimeSec.>26</TimeSec.>
        <MinMs>4</MinMs>
        <MaxMs>1082</MaxMs>
        <MedianMs>52</MedianMs>
        <LastMs>4</LastMs>
        <Count>120</Count>
        <TPS>5</TPS>
        <Err>5</Err>
      </item>
      <item>
        <TimeSec.>27</TimeSec.>
        <MinMs>4</MinMs>
        <MaxMs>1082</MaxMs>
        <MedianMs>50</MedianMs>
        <LastMs>5</LastMs>
        <Count>125</Count>
        <TPS>5</TPS>
        <Err>5</Err>
      </item>
      <item>
        <TimeSec.>28</TimeSec.>
        <MinMs>4</MinMs>
        <MaxMs>1082</MaxMs>
        <MedianMs>47</MedianMs>
        <LastMs>4</LastMs>
        <Count>130</Count>
        <TPS>5</TPS>
        <Err>5</Err>
      </item>
      <item>
        <TimeSec.>29</TimeSec.>
        <MinMs>4</MinMs>
        <MaxMs>1082</MaxMs>
        <MedianMs>46</MedianMs>
        <LastMs>4</LastMs>
        <Count>135</Count>
        <TPS>5</TPS>
        <Err>5</Err>
      </item>
      <item>
        <TimeSec.>30</TimeSec.>
        <MinMs>4</MinMs>
        <MaxMs>1082</MaxMs>
        <MedianMs>45</MedianMs>
        <LastMs>5</LastMs>
        <Count>135</Count>
        <TPS>0</TPS>
        <Err>5</Err>
      </item>
    </testStepsMetricsDataSource>
  </item>
  <item>
    <testStepName>TestCase 1:REST Request</testStepName>
    <testStepsMetricsDataSource>
      <item>
        <TimeSec.>2</TimeSec.>
        <MinMs>6</MinMs>
        <MaxMs>6</MaxMs>
        <MedianMs>6</MedianMs>
        <LastMs>6</LastMs>
        <Count>0</Count>
        <TPS>0</TPS>
        <Err>0</Err>
      </item>
      <item>
        <TimeSec.>3</TimeSec.>
        <MinMs>5</MinMs>
        <MaxMs>6</MaxMs>
        <MedianMs>5</MedianMs>
        <LastMs>6</LastMs>
        <Count>5</Count>
        <TPS>5</TPS>
        <Err>0</Err>
      </item>
      <item>
        <TimeSec.>4</TimeSec.>
        <MinMs>5</MinMs>
        <MaxMs>8</MaxMs>
        <MedianMs>6</MedianMs>
        <LastMs>5</LastMs>
        <Count>10</Count>
        <TPS>5</TPS>
        <Err>0</Err>
      </item>
      <item>
        <TimeSec.>5</TimeSec.>
        <MinMs>4</MinMs>
        <MaxMs>9</MaxMs>
        <MedianMs>6</MedianMs>
        <LastMs>4</LastMs>
        <Count>15</Count>
        <TPS>5</TPS>
        <Err>0</Err>
      </item>
      <item>
        <TimeSec.>6</TimeSec.>
        <MinMs>4</MinMs>
        <MaxMs>9</MaxMs>
        <MedianMs>5</MedianMs>
        <LastMs>5</LastMs>
        <Count>20</Count>
        <TPS>5</TPS>
        <Err>0</Err>
      </item>
      <item>
        <TimeSec.>7</TimeSec.>
        <MinMs>4</MinMs>
        <MaxMs>9</MaxMs>
        <MedianMs>5</MedianMs>
        <LastMs>4</LastMs>
        <Count>25</Count>
        <TPS>5</TPS>
        <Err>0</Err>
      </item>
      <item>
        <TimeSec.>8</TimeSec.>
        <MinMs>4</MinMs>
        <MaxMs>9</MaxMs>
        <MedianMs>5</MedianMs>
        <LastMs>5</LastMs>
        <Count>30</Count>
        <TPS>5</TPS>
        <Err>0</Err>
      </item>
      <item>
        <TimeSec.>9</TimeSec.>
        <MinMs>4</MinMs>
        <MaxMs>9</MaxMs>
        <MedianMs>5</MedianMs>
        <LastMs>6</LastMs>
        <Count>35</Count>
        <TPS>5</TPS>
        <Err>0</Err>
      </item>
      <item>
        <TimeSec.>10</TimeSec.>
        <MinMs>4</MinMs>
        <MaxMs>9</MaxMs>
        <MedianMs>5</MedianMs>
        <LastMs>5</LastMs>
        <Count>40</Count>
        <TPS>5</TPS>
        <Err>0</Err>
      </item>
      <item>
        <TimeSec.>11</TimeSec.>
        <MinMs>4</MinMs>
        <MaxMs>9</MaxMs>
        <MedianMs>5</MedianMs>
        <LastMs>5</LastMs>
        <Count>45</Count>
        <TPS>5</TPS>
        <Err>0</Err>
      </item>
      <item>
        <TimeSec.>12</TimeSec.>
        <MinMs>4</MinMs>
        <MaxMs>9</MaxMs>
        <MedianMs>5</MedianMs>
        <LastMs>6</LastMs>
        <Count>50</Count>
        <TPS>5</TPS>
        <Err>0</Err>
      </item>
      <item>
        <TimeSec.>13</TimeSec.>
        <MinMs>4</MinMs>
        <MaxMs>9</MaxMs>
        <MedianMs>5</MedianMs>
        <LastMs>4</LastMs>
        <Count>55</Count>
        <TPS>5</TPS>
        <Err>0</Err>
      </item>
      <item>
        <TimeSec.>14</TimeSec.>
        <MinMs>4</MinMs>
        <MaxMs>9</MaxMs>
        <MedianMs>5</MedianMs>
        <LastMs>5</LastMs>
        <Count>60</Count>
        <TPS>5</TPS>
        <Err>0</Err>
      </item>
      <item>
        <TimeSec.>15</TimeSec.>
        <MinMs>4</MinMs>
        <MaxMs>24</MaxMs>
        <MedianMs>5</MedianMs>
        <LastMs>10</LastMs>
        <Count>62</Count>
        <TPS>2</TPS>
        <Err>0</Err>
      </item>
      <item>
        <TimeSec.>16</TimeSec.>
        <MinMs/>
        <MaxMs/>
        <MedianMs/>
        <LastMs/>
        <Count>67</Count>
        <TPS>5</TPS>
        <Err>0</Err>
      </item>
      <item>
        <TimeSec.>17</TimeSec.>
        <MinMs>4</MinMs>
        <MaxMs>24</MaxMs>
        <MedianMs>5</MedianMs>
        <LastMs>5</LastMs>
        <Count>71</Count>
        <TPS>4</TPS>
        <Err>0</Err>
      </item>
      <item>
        <TimeSec.>18</TimeSec.>
        <MinMs>4</MinMs>
        <MaxMs>24</MaxMs>
        <MedianMs>5</MedianMs>
        <LastMs>4</LastMs>
        <Count>75</Count>
        <TPS>4</TPS>
        <Err>0</Err>
      </item>
      <item>
        <TimeSec.>19</TimeSec.>
        <MinMs>4</MinMs>
        <MaxMs>24</MaxMs>
        <MedianMs>5</MedianMs>
        <LastMs>5</LastMs>
        <Count>80</Count>
        <TPS>5</TPS>
        <Err>0</Err>
      </item>
      <item>
        <TimeSec.>20</TimeSec.>
        <MinMs>4</MinMs>
        <MaxMs>24</MaxMs>
        <MedianMs>5</MedianMs>
        <LastMs>5</LastMs>
        <Count>85</Count>
        <TPS>5</TPS>
        <Err>0</Err>
      </item>
      <item>
        <TimeSec.>21</TimeSec.>
        <MinMs>4</MinMs>
        <MaxMs>24</MaxMs>
        <MedianMs>5</MedianMs>
        <LastMs>4</LastMs>
        <Count>90</Count>
        <TPS>5</TPS>
        <Err>0</Err>
      </item>
      <item>
        <TimeSec.>22</TimeSec.>
        <MinMs>4</MinMs>
        <MaxMs>24</MaxMs>
        <MedianMs>5</MedianMs>
        <LastMs>5</LastMs>
        <Count>95</Count>
        <TPS>5</TPS>
        <Err>0</Err>
      </item>
      <item>
        <TimeSec.>23</TimeSec.>
        <MinMs>4</MinMs>
        <MaxMs>24</MaxMs>
        <MedianMs>5</MedianMs>
        <LastMs>4</LastMs>
        <Count>100</Count>
        <TPS>5</TPS>
        <Err>0</Err>
      </item>
      <item>
        <TimeSec.>24</TimeSec.>
        <MinMs>4</MinMs>
        <MaxMs>24</MaxMs>
        <MedianMs>5</MedianMs>
        <LastMs>4</LastMs>
        <Count>105</Count>
        <TPS>5</TPS>
        <Err>0</Err>
      </item>
      <item>
        <TimeSec.>25</TimeSec.>
        <MinMs>4</MinMs>
        <MaxMs>24</MaxMs>
        <MedianMs>5</MedianMs>
        <LastMs>4</LastMs>
        <Count>110</Count>
        <TPS>5</TPS>
        <Err>0</Err>
      </item>
      <item>
        <TimeSec.>26</TimeSec.>
        <MinMs>4</MinMs>
        <MaxMs>24</MaxMs>
        <MedianMs>5</MedianMs>
        <LastMs>4</LastMs>
        <Count>115</Count>
        <TPS>5</TPS>
        <Err>0</Err>
      </item>
      <item>
        <TimeSec.>27</TimeSec.>
        <MinMs>4</MinMs>
        <MaxMs>24</MaxMs>
        <MedianMs>5</MedianMs>
        <LastMs>9</LastMs>
        <Count>120</Count>
        <TPS>5</TPS>
        <Err>0</Err>
      </item>
      <item>
        <TimeSec.>28</TimeSec.>
        <MinMs>4</MinMs>
        <MaxMs>24</MaxMs>
        <MedianMs>5</MedianMs>
        <LastMs>5</LastMs>
        <Count>125</Count>
        <TPS>5</TPS>
        <Err>0</Err>
      </item>
      <item>
        <TimeSec.>29</TimeSec.>
        <MinMs>4</MinMs>
        <MaxMs>24</MaxMs>
        <MedianMs>5</MedianMs>
        <LastMs>5</LastMs>
        <Count>130</Count>
        <TPS>5</TPS>
        <Err>0</Err>
      </item>
      <item>
        <TimeSec.>30</TimeSec.>
        <MinMs>4</MinMs>
        <MaxMs>24</MaxMs>
        <MedianMs>5</MedianMs>
        <LastMs>6</LastMs>
        <Count>135</Count>
        <TPS>0</TPS>
        <Err>0</Err>
      </item>
    </testStepsMetricsDataSource>
  </item>
  <item>
    <testStepName>TestCase 1:Total</testStepName>
    <testStepsMetricsDataSource>
      <item>
        <TimeSec.>2</TimeSec.>
        <MinMs>5</MinMs>
        <MaxMs>6</MaxMs>
        <MedianMs>5</MedianMs>
        <LastMs>5</LastMs>
        <Count>0</Count>
        <TPS>0</TPS>
        <Err>0</Err>
      </item>
      <item>
        <TimeSec.>3</TimeSec.>
        <MinMs>5</MinMs>
        <MaxMs>6</MaxMs>
        <MedianMs>5</MedianMs>
        <LastMs>5</LastMs>
        <Count>5</Count>
        <TPS>5</TPS>
        <Err>0</Err>
      </item>
      <item>
        <TimeSec.>4</TimeSec.>
        <MinMs>5</MinMs>
        <MaxMs>8</MaxMs>
        <MedianMs>6</MedianMs>
        <LastMs>8</LastMs>
        <Count>10</Count>
        <TPS>5</TPS>
        <Err>0</Err>
      </item>
      <item>
        <TimeSec.>5</TimeSec.>
        <MinMs>4</MinMs>
        <MaxMs>9</MaxMs>
        <MedianMs>6</MedianMs>
        <LastMs>9</LastMs>
        <Count>15</Count>
        <TPS>5</TPS>
        <Err>0</Err>
      </item>
      <item>
        <TimeSec.>6</TimeSec.>
        <MinMs>4</MinMs>
        <MaxMs>9</MaxMs>
        <MedianMs>5</MedianMs>
        <LastMs>4</LastMs>
        <Count>20</Count>
        <TPS>5</TPS>
        <Err>0</Err>
      </item>
      <item>
        <TimeSec.>7</TimeSec.>
        <MinMs>4</MinMs>
        <MaxMs>9</MaxMs>
        <MedianMs>5</MedianMs>
        <LastMs>4</LastMs>
        <Count>25</Count>
        <TPS>5</TPS>
        <Err>0</Err>
      </item>
      <item>
        <TimeSec.>8</TimeSec.>
        <MinMs>4</MinMs>
        <MaxMs>9</MaxMs>
        <MedianMs>5</MedianMs>
        <LastMs>7</LastMs>
        <Count>30</Count>
        <TPS>5</TPS>
        <Err>0</Err>
      </item>
      <item>
        <TimeSec.>9</TimeSec.>
        <MinMs>4</MinMs>
        <MaxMs>9</MaxMs>
        <MedianMs>5</MedianMs>
        <LastMs>5</LastMs>
        <Count>35</Count>
        <TPS>5</TPS>
        <Err>0</Err>
      </item>
      <item>
        <TimeSec.>10</TimeSec.>
        <MinMs>4</MinMs>
        <MaxMs>9</MaxMs>
        <MedianMs>5</MedianMs>
        <LastMs>6</LastMs>
        <Count>40</Count>
        <TPS>5</TPS>
        <Err>0</Err>
      </item>
      <item>
        <TimeSec.>11</TimeSec.>
        <MinMs>4</MinMs>
        <MaxMs>9</MaxMs>
        <MedianMs>5</MedianMs>
        <LastMs>5</LastMs>
        <Count>45</Count>
        <TPS>5</TPS>
        <Err>0</Err>
      </item>
      <item>
        <TimeSec.>12</TimeSec.>
        <MinMs>4</MinMs>
        <MaxMs>9</MaxMs>
        <MedianMs>5</MedianMs>
        <LastMs>8</LastMs>
        <Count>50</Count>
        <TPS>5</TPS>
        <Err>0</Err>
      </item>
      <item>
        <TimeSec.>13</TimeSec.>
        <MinMs>4</MinMs>
        <MaxMs>9</MaxMs>
        <MedianMs>5</MedianMs>
        <LastMs>6</LastMs>
        <Count>55</Count>
        <TPS>5</TPS>
        <Err>0</Err>
      </item>
      <item>
        <TimeSec.>14</TimeSec.>
        <MinMs>4</MinMs>
        <MaxMs>9</MaxMs>
        <MedianMs>5</MedianMs>
        <LastMs>6</LastMs>
        <Count>60</Count>
        <TPS>5</TPS>
        <Err>0</Err>
      </item>
      <item>
        <TimeSec.>15</TimeSec.>
        <MinMs>4</MinMs>
        <MaxMs>24</MaxMs>
        <MedianMs>5</MedianMs>
        <LastMs>24</LastMs>
        <Count>65</Count>
        <TPS>5</TPS>
        <Err>0</Err>
      </item>
      <item>
        <TimeSec.>16</TimeSec.>
        <MinMs/>
        <MaxMs/>
        <MedianMs/>
        <LastMs>6</LastMs>
        <Count>67</Count>
        <TPS>2</TPS>
        <Err>0</Err>
      </item>
      <item>
        <TimeSec.>17</TimeSec.>
        <MinMs>4</MinMs>
        <MaxMs>24</MaxMs>
        <MedianMs>5</MedianMs>
        <LastMs/>
        <Count>72</Count>
        <TPS>5</TPS>
        <Err>0</Err>
      </item>
      <item>
        <TimeSec.>18</TimeSec.>
        <MinMs>4</MinMs>
        <MaxMs>24</MaxMs>
        <MedianMs>5</MedianMs>
        <LastMs>5</LastMs>
        <Count>76</Count>
        <TPS>4</TPS>
        <Err>0</Err>
      </item>
      <item>
        <TimeSec.>19</TimeSec.>
        <MinMs>4</MinMs>
        <MaxMs>24</MaxMs>
        <MedianMs>5</MedianMs>
        <LastMs>4</LastMs>
        <Count>80</Count>
        <TPS>4</TPS>
        <Err>0</Err>
      </item>
      <item>
        <TimeSec.>20</TimeSec.>
        <MinMs>4</MinMs>
        <MaxMs>24</MaxMs>
        <MedianMs>5</MedianMs>
        <LastMs>5</LastMs>
        <Count>85</Count>
        <TPS>5</TPS>
        <Err>0</Err>
      </item>
      <item>
        <TimeSec.>21</TimeSec.>
        <MinMs>4</MinMs>
        <MaxMs>24</MaxMs>
        <MedianMs>5</MedianMs>
        <LastMs>5</LastMs>
        <Count>90</Count>
        <TPS>5</TPS>
        <Err>0</Err>
      </item>
      <item>
        <TimeSec.>22</TimeSec.>
        <MinMs>4</MinMs>
        <MaxMs>24</MaxMs>
        <MedianMs>5</MedianMs>
        <LastMs>4</LastMs>
        <Count>95</Count>
        <TPS>5</TPS>
        <Err>0</Err>
      </item>
      <item>
        <TimeSec.>23</TimeSec.>
        <MinMs>4</MinMs>
        <MaxMs>24</MaxMs>
        <MedianMs>5</MedianMs>
        <LastMs>4</LastMs>
        <Count>100</Count>
        <TPS>5</TPS>
        <Err>0</Err>
      </item>
      <item>
        <TimeSec.>24</TimeSec.>
        <MinMs>4</MinMs>
        <MaxMs>24</MaxMs>
        <MedianMs>5</MedianMs>
        <LastMs>6</LastMs>
        <Count>105</Count>
        <TPS>5</TPS>
        <Err>0</Err>
      </item>
      <item>
        <TimeSec.>25</TimeSec.>
        <MinMs>4</MinMs>
        <MaxMs>24</MaxMs>
        <MedianMs>5</MedianMs>
        <LastMs>4</LastMs>
        <Count>110</Count>
        <TPS>5</TPS>
        <Err>0</Err>
      </item>
      <item>
        <TimeSec.>26</TimeSec.>
        <MinMs>4</MinMs>
        <MaxMs>24</MaxMs>
        <MedianMs>5</MedianMs>
        <LastMs>4</LastMs>
        <Count>115</Count>
        <TPS>5</TPS>
        <Err>0</Err>
      </item>
      <item>
        <TimeSec.>27</TimeSec.>
        <MinMs>4</MinMs>
        <MaxMs>24</MaxMs>
        <MedianMs>5</MedianMs>
        <LastMs>4</LastMs>
        <Count>120</Count>
        <TPS>5</TPS>
        <Err>0</Err>
      </item>
      <item>
        <TimeSec.>28</TimeSec.>
        <MinMs>4</MinMs>
        <MaxMs>24</MaxMs>
        <MedianMs>5</MedianMs>
        <LastMs>5</LastMs>
        <Count>125</Count>
        <TPS>5</TPS>
        <Err>0</Err>
      </item>
      <item>
        <TimeSec.>29</TimeSec.>
        <MinMs>4</MinMs>
        <MaxMs>24</MaxMs>
        <MedianMs>5</MedianMs>
        <LastMs>4</LastMs>
        <Count>130</Count>
        <TPS>5</TPS>
        <Err>0</Err>
      </item>
      <item>
        <TimeSec.>30</TimeSec.>
        <MinMs>4</MinMs>
        <MaxMs>24</MaxMs>
        <MedianMs>5</MedianMs>
        <LastMs>6</LastMs>
        <Count>135</Count>
        <TPS>0</TPS>
        <Err>0</Err>
      </item>
    </testStepsMetricsDataSource>
  </item>
</LoadUITestStepsHistory>