<?xml version="1.0" encoding="UTF-8"?>
<LoadUITopTestSteps>
  <executionNotable>
    <timeTaken>4</timeTaken>
    <size>1</size>
    <startTime>16:40:36</startTime>
    <testCaseName>TestSuite 1:TestCase 1->REST Request</testCaseName>
  </executionNotable>
  <executionNotable>
    <timeTaken>4</timeTaken>
    <size>1</size>
    <startTime>16:40:39</startTime>
    <testCaseName>TestSuite 1:TestCase 1->REST Request</testCaseName>
  </executionNotable>
  <executionNotable>
    <timeTaken>4</timeTaken>
    <size>1</size>
    <startTime>16:40:39</startTime>
    <testCaseName>TestSuite 1:TestCase 1->REST Request</testCaseName>
  </executionNotable>
  <executionNotable>
    <timeTaken>4</timeTaken>
    <size>1</size>
    <startTime>16:40:39</startTime>
    <testCaseName>TestSuite 1:TestCase 1->REST Request</testCaseName>
  </executionNotable>
  <executionNotable>
    <timeTaken>4</timeTaken>
    <size>1</size>
    <startTime>16:40:41</startTime>
    <testCaseName>TestSuite 1:TestCase 1->REST Request</testCaseName>
  </executionNotable>
</LoadUITopTestSteps>